<?xml version="1.0" encoding="UTF-8"?>
<coverage generated="1661348430294" clover="3.2.0">
  <project timestamp="1661348430294" name="All files">
    <metrics statements="20" coveredstatements="16" conditionals="0" coveredconditionals="0" methods="7" coveredmethods="5" elements="27" coveredelements="21" complexity="0" loc="20" ncloc="20" packages="1" files="2" classes="2"/>
    <file name="bankDisplay.js" path="/Users/josephedwardsrean/Documents/job-hunter-challenges/bankTest-2/bankDisplay.js">
      <metrics statements="7" coveredstatements="3" conditionals="0" coveredconditionals="0" methods="4" coveredmethods="2"/>
      <line num="3" count="2" type="stmt"/>
      <line num="6" count="1" type="stmt"/>
      <line num="9" count="0" type="stmt"/>
      <line num="10" count="0" type="stmt"/>
      <line num="11" count="0" type="stmt"/>
      <line num="12" count="0" type="stmt"/>
      <line num="18" count="1" type="stmt"/>
    </file>
    <file name="bankLogic.js" path="/Users/josephedwardsrean/Documents/job-hunter-challenges/bankTest-2/bankLogic.js">
      <metrics statements="13" coveredstatements="13" conditionals="0" coveredconditionals="0" methods="3" coveredmethods="3"/>
      <line num="3" count="10" type="stmt"/>
      <line num="4" count="10" type="stmt"/>
      <line num="5" count="10" type="stmt"/>
      <line num="6" count="10" type="stmt"/>
      <line num="10" count="5" type="stmt"/>
      <line num="11" count="5" type="stmt"/>
      <line num="12" count="5" type="stmt"/>
      <line num="13" count="5" type="stmt"/>
      <line num="17" count="3" type="stmt"/>
      <line num="18" count="3" type="stmt"/>
      <line num="19" count="3" type="stmt"/>
      <line num="20" count="3" type="stmt"/>
      <line num="24" count="2" type="stmt"/>
    </file>
  </project>
</coverage>
