{"/Users/josephedwardsrean/Documents/job-hunter-challenges/bankTest-2/bankDisplay.js": {"path":"/Users/josephedwardsrean/Documents/job-hunter-challenges/bankTest-2/bankDisplay.js","statementMap":{"0":{"start":{"line":3,"column":2},"end":{"line":3,"column":21}},"1":{"start":{"line":6,"column":2},"end":{"line":6,"column":60}},"2":{"start":{"line":9,"column":2},"end":{"line":9,"column":25}},"3":{"start":{"line":10,"column":2},"end":{"line":10,"column":53}},"4":{"start":{"line":11,"column":2},"end":{"line":13,"column":5}},"5":{"start":{"line":12,"column":3},"end":{"line":12,"column":108}},"6":{"start":{"line":14,"column":4},"end":{"line":14,"column":21}},"7":{"start":{"line":19,"column":0},"end":{"line":19,"column":29}}},"fnMap":{"0":{"name":"(anonymous_0)","decl":{"start":{"line":2,"column":1},"end":{"line":2,"column":2}},"loc":{"start":{"line":2,"column":19},"end":{"line":4,"column":2}},"line":2},"1":{"name":"(anonymous_1)","decl":{"start":{"line":5,"column":1},"end":{"line":5,"column":2}},"loc":{"start":{"line":5,"column":18},"end":{"line":7,"column":2}},"line":5},"2":{"name":"(anonymous_2)","decl":{"start":{"line":8,"column":1},"end":{"line":8,"column":2}},"loc":{"start":{"line":8,"column":17},"end":{"line":15,"column":2}},"line":8},"3":{"name":"(anonymous_3)","decl":{"start":{"line":11,"column":32},"end":{"line":11,"column":33}},"loc":{"start":{"line":11,"column":45},"end":{"line":13,"column":3}},"line":11}},"branchMap":{},"s":{"0":2,"1":1,"2":1,"3":1,"4":1,"5":2,"6":1,"7":1},"f":{"0":2,"1":1,"2":1,"3":2},"b":{},"_coverageSchema":"1a1c01bbd47fc00a2c39e90264f33305004495a9","hash":"e06c811ccd387ba1463003decdc88bf05e35cb4d"}
,"/Users/josephedwardsrean/Documents/job-hunter-challenges/bankTest-2/bankLogic.js": {"path":"/Users/josephedwardsrean/Documents/job-hunter-challenges/bankTest-2/bankLogic.js","statementMap":{"0":{"start":{"line":3,"column":2},"end":{"line":3,"column":35}},"1":{"start":{"line":4,"column":2},"end":{"line":4,"column":21}},"2":{"start":{"line":5,"column":2},"end":{"line":5,"column":21}},"3":{"start":{"line":6,"column":2},"end":{"line":6,"column":23}},"4":{"start":{"line":10,"column":2},"end":{"line":10,"column":21}},"5":{"start":{"line":11,"column":2},"end":{"line":11,"column":27}},"6":{"start":{"line":12,"column":2},"end":{"line":12,"column":25}},"7":{"start":{"line":13,"column":2},"end":{"line":13,"column":103}},"8":{"start":{"line":17,"column":2},"end":{"line":17,"column":21}},"9":{"start":{"line":18,"column":2},"end":{"line":18,"column":28}},"10":{"start":{"line":19,"column":2},"end":{"line":19,"column":27}},"11":{"start":{"line":20,"column":2},"end":{"line":20,"column":103}},"12":{"start":{"line":24,"column":0},"end":{"line":24,"column":27}}},"fnMap":{"0":{"name":"(anonymous_0)","decl":{"start":{"line":2,"column":1},"end":{"line":2,"column":2}},"loc":{"start":{"line":2,"column":23},"end":{"line":7,"column":2}},"line":2},"1":{"name":"(anonymous_1)","decl":{"start":{"line":9,"column":1},"end":{"line":9,"column":2}},"loc":{"start":{"line":9,"column":25},"end":{"line":14,"column":2}},"line":9},"2":{"name":"(anonymous_2)","decl":{"start":{"line":16,"column":1},"end":{"line":16,"column":2}},"loc":{"start":{"line":16,"column":27},"end":{"line":21,"column":2}},"line":16}},"branchMap":{},"s":{"0":8,"1":8,"2":8,"3":8,"4":3,"5":3,"6":3,"7":3,"8":3,"9":3,"10":3,"11":3,"12":2},"f":{"0":8,"1":3,"2":3},"b":{},"_coverageSchema":"1a1c01bbd47fc00a2c39e90264f33305004495a9","hash":"4c4ffd0da830138fceb722fb18dccda93e44337b"}
}
