TN:
SF:bankDisplay.js
FN:2,(anonymous_0)
FN:5,(anonymous_1)
FN:8,(anonymous_2)
FN:11,(anonymous_3)
FNF:4
FNH:2
FNDA:2,(anonymous_0)
FNDA:1,(anonymous_1)
FNDA:0,(anonymous_2)
FNDA:0,(anonymous_3)
DA:3,2
DA:6,1
DA:9,0
DA:10,0
DA:11,0
DA:12,0
DA:18,1
LF:7
LH:3
BRF:0
BRH:0
end_of_record
TN:
SF:bankLogic.js
FN:2,(anonymous_0)
FN:9,(anonymous_1)
FN:16,(anonymous_2)
FNF:3
FNH:3
FNDA:10,(anonymous_0)
FNDA:5,(anonymous_1)
FNDA:3,(anonymous_2)
DA:3,10
DA:4,10
DA:5,10
DA:6,10
DA:10,5
DA:11,5
DA:12,5
DA:13,5
DA:17,3
DA:18,3
DA:19,3
DA:20,3
DA:24,2
LF:13
LH:13
BRF:0
BRH:0
end_of_record
