TN:
SF:receiptLogic.js
FN:5,(anonymous_0)
FNF:1
FNH:1
FNDA:1,(anonymous_0)
DA:1,1
DA:2,1
DA:6,1
DA:11,1
DA:12,1
DA:13,1
DA:14,1
DA:16,1
LF:8
LH:8
BRF:0
BRH:0
end_of_record
TN:
SF:tillLogic.js
FN:3,(anonymous_0)
FN:12,(anonymous_1)
FN:20,(anonymous_2)
FN:21,(anonymous_3)
FN:26,(anonymous_4)
FNF:5
FNH:5
FNDA:4,(anonymous_0)
FNDA:4,(anonymous_1)
FNDA:1,(anonymous_2)
FNDA:15,(anonymous_3)
FNDA:2,(anonymous_4)
DA:1,2
DA:4,4
DA:5,4
DA:6,4
DA:7,4
DA:8,4
DA:9,4
DA:13,4
DA:14,4
DA:15,4
DA:16,4
DA:17,4
DA:21,1
DA:22,15
DA:27,2
DA:28,2
DA:29,2
DA:34,2
LF:18
LH:18
BRF:0
BRH:0
end_of_record
