TN:
SF:receiptLogic.js
FN:2,(anonymous_0)
FN:11,(anonymous_1)
FN:16,(anonymous_2)
FN:21,(anonymous_3)
FN:25,(anonymous_4)
FNF:5
FNH:5
FNDA:5,(anonymous_0)
FNDA:3,(anonymous_1)
FNDA:1,(anonymous_2)
FNDA:2,(anonymous_3)
FNDA:2,(anonymous_4)
DA:3,5
DA:4,5
DA:5,5
DA:6,5
DA:7,5
DA:8,5
DA:12,3
DA:13,3
DA:17,1
DA:18,1
DA:19,1
DA:22,2
DA:26,2
DA:41,1
LF:14
LH:14
BRF:0
BRH:0
end_of_record
TN:
SF:tillLogic.js
FN:3,(anonymous_0)
FN:13,(anonymous_1)
FN:21,(anonymous_2)
FN:25,(anonymous_3)
FN:31,(anonymous_4)
FNF:5
FNH:5
FNDA:3,(anonymous_0)
FNDA:3,(anonymous_1)
FNDA:1,(anonymous_2)
FNDA:15,(anonymous_3)
FNDA:1,(anonymous_4)
DA:1,2
DA:4,3
DA:5,3
DA:6,3
DA:7,3
DA:8,3
DA:9,3
DA:10,3
DA:14,3
DA:15,3
DA:16,3
DA:17,3
DA:18,3
DA:22,1
DA:23,1
DA:24,1
DA:25,1
DA:26,15
DA:28,1
DA:32,1
DA:33,1
DA:34,1
DA:39,2
LF:23
LH:23
BRF:0
BRH:0
end_of_record
