{"/Users/josephedwardsrean/Documents/Job hunter challenges/GildedRose/src/gilded_rose.js": {"path":"/Users/josephedwardsrean/Documents/Job hunter challenges/GildedRose/src/gilded_rose.js","statementMap":{"0":{"start":{"line":3,"column":4},"end":{"line":3,"column":21}},"1":{"start":{"line":4,"column":4},"end":{"line":4,"column":25}},"2":{"start":{"line":5,"column":4},"end":{"line":5,"column":27}},"3":{"start":{"line":11,"column":4},"end":{"line":11,"column":23}},"4":{"start":{"line":15,"column":4},"end":{"line":47,"column":7}},"5":{"start":{"line":15,"column":17},"end":{"line":15,"column":18}},"6":{"start":{"line":16,"column":8},"end":{"line":46,"column":9}},"7":{"start":{"line":18,"column":12},"end":{"line":18,"column":48}},"8":{"start":{"line":19,"column":12},"end":{"line":19,"column":45}},"9":{"start":{"line":20,"column":12},"end":{"line":20,"column":47}},"10":{"start":{"line":21,"column":12},"end":{"line":21,"column":18}},"11":{"start":{"line":23,"column":12},"end":{"line":23,"column":53}},"12":{"start":{"line":24,"column":12},"end":{"line":24,"column":45}},"13":{"start":{"line":25,"column":12},"end":{"line":25,"column":47}},"14":{"start":{"line":26,"column":12},"end":{"line":26,"column":18}},"15":{"start":{"line":28,"column":12},"end":{"line":28,"column":45}},"16":{"start":{"line":29,"column":12},"end":{"line":29,"column":47}},"17":{"start":{"line":30,"column":12},"end":{"line":30,"column":18}},"18":{"start":{"line":32,"column":12},"end":{"line":32,"column":45}},"19":{"start":{"line":33,"column":12},"end":{"line":33,"column":46}},"20":{"start":{"line":34,"column":12},"end":{"line":34,"column":47}},"21":{"start":{"line":35,"column":12},"end":{"line":35,"column":18}},"22":{"start":{"line":37,"column":12},"end":{"line":37,"column":45}},"23":{"start":{"line":38,"column":12},"end":{"line":38,"column":46}},"24":{"start":{"line":39,"column":12},"end":{"line":39,"column":47}},"25":{"start":{"line":40,"column":12},"end":{"line":40,"column":18}},"26":{"start":{"line":42,"column":12},"end":{"line":42,"column":45}},"27":{"start":{"line":43,"column":12},"end":{"line":43,"column":46}},"28":{"start":{"line":44,"column":12},"end":{"line":44,"column":47}},"29":{"start":{"line":45,"column":12},"end":{"line":45,"column":18}},"30":{"start":{"line":48,"column":6},"end":{"line":48,"column":24}},"31":{"start":{"line":52,"column":4},"end":{"line":58,"column":5}},"32":{"start":{"line":53,"column":6},"end":{"line":53,"column":24}},"33":{"start":{"line":54,"column":11},"end":{"line":58,"column":5}},"34":{"start":{"line":55,"column":6},"end":{"line":55,"column":24}},"35":{"start":{"line":56,"column":10},"end":{"line":58,"column":5}},"36":{"start":{"line":57,"column":6},"end":{"line":57,"column":23}},"37":{"start":{"line":62,"column":4},"end":{"line":62,"column":21}},"38":{"start":{"line":66,"column":4},"end":{"line":69,"column":5}},"39":{"start":{"line":67,"column":6},"end":{"line":67,"column":39}},"40":{"start":{"line":68,"column":6},"end":{"line":68,"column":13}},"41":{"start":{"line":70,"column":4},"end":{"line":74,"column":5}},"42":{"start":{"line":71,"column":8},"end":{"line":71,"column":26}},"43":{"start":{"line":73,"column":6},"end":{"line":73,"column":24}},"44":{"start":{"line":78,"column":4},"end":{"line":82,"column":5}},"45":{"start":{"line":79,"column":6},"end":{"line":79,"column":24}},"46":{"start":{"line":81,"column":5},"end":{"line":81,"column":23}},"47":{"start":{"line":87,"column":4},"end":{"line":89,"column":5}},"48":{"start":{"line":88,"column":6},"end":{"line":88,"column":24}},"49":{"start":{"line":93,"column":4},"end":{"line":97,"column":5}},"50":{"start":{"line":94,"column":6},"end":{"line":94,"column":24}},"51":{"start":{"line":95,"column":10},"end":{"line":97,"column":5}},"52":{"start":{"line":96,"column":6},"end":{"line":96,"column":23}},"53":{"start":{"line":101,"column":0},"end":{"line":104,"column":1}}},"fnMap":{"0":{"name":"(anonymous_0)","decl":{"start":{"line":2,"column":2},"end":{"line":2,"column":3}},"loc":{"start":{"line":2,"column":36},"end":{"line":6,"column":3}},"line":2},"1":{"name":"(anonymous_1)","decl":{"start":{"line":10,"column":2},"end":{"line":10,"column":3}},"loc":{"start":{"line":10,"column":23},"end":{"line":12,"column":3}},"line":10},"2":{"name":"(anonymous_2)","decl":{"start":{"line":14,"column":2},"end":{"line":14,"column":3}},"loc":{"start":{"line":14,"column":17},"end":{"line":49,"column":5}},"line":14},"3":{"name":"(anonymous_3)","decl":{"start":{"line":51,"column":2},"end":{"line":51,"column":3}},"loc":{"start":{"line":51,"column":28},"end":{"line":59,"column":3}},"line":51},"4":{"name":"(anonymous_4)","decl":{"start":{"line":61,"column":2},"end":{"line":61,"column":3}},"loc":{"start":{"line":61,"column":20},"end":{"line":63,"column":3}},"line":61},"5":{"name":"(anonymous_5)","decl":{"start":{"line":65,"column":2},"end":{"line":65,"column":3}},"loc":{"start":{"line":65,"column":21},"end":{"line":75,"column":3}},"line":65},"6":{"name":"(anonymous_6)","decl":{"start":{"line":77,"column":2},"end":{"line":77,"column":3}},"loc":{"start":{"line":77,"column":29},"end":{"line":83,"column":3}},"line":77},"7":{"name":"(anonymous_7)","decl":{"start":{"line":86,"column":2},"end":{"line":86,"column":3}},"loc":{"start":{"line":86,"column":23},"end":{"line":90,"column":3}},"line":86},"8":{"name":"(anonymous_8)","decl":{"start":{"line":92,"column":2},"end":{"line":92,"column":3}},"loc":{"start":{"line":92,"column":22},"end":{"line":98,"column":3}},"line":92}},"branchMap":{"0":{"loc":{"start":{"line":10,"column":14},"end":{"line":10,"column":22}},"type":"default-arg","locations":[{"start":{"line":10,"column":20},"end":{"line":10,"column":22}}],"line":10},"1":{"loc":{"start":{"line":16,"column":8},"end":{"line":46,"column":9}},"type":"switch","locations":[{"start":{"line":17,"column":10},"end":{"line":21,"column":18}},{"start":{"line":22,"column":10},"end":{"line":26,"column":18}},{"start":{"line":27,"column":10},"end":{"line":30,"column":18}},{"start":{"line":31,"column":10},"end":{"line":35,"column":18}},{"start":{"line":36,"column":10},"end":{"line":40,"column":18}},{"start":{"line":41,"column":10},"end":{"line":45,"column":18}}],"line":16},"2":{"loc":{"start":{"line":52,"column":4},"end":{"line":58,"column":5}},"type":"if","locations":[{"start":{"line":52,"column":4},"end":{"line":58,"column":5}},{"start":{"line":54,"column":11},"end":{"line":58,"column":5}}],"line":52},"3":{"loc":{"start":{"line":52,"column":8},"end":{"line":52,"column":43}},"type":"binary-expr","locations":[{"start":{"line":52,"column":8},"end":{"line":52,"column":23}},{"start":{"line":52,"column":27},"end":{"line":52,"column":43}}],"line":52},"4":{"loc":{"start":{"line":54,"column":11},"end":{"line":58,"column":5}},"type":"if","locations":[{"start":{"line":54,"column":11},"end":{"line":58,"column":5}},{"start":{"line":56,"column":10},"end":{"line":58,"column":5}}],"line":54},"5":{"loc":{"start":{"line":54,"column":15},"end":{"line":54,"column":50}},"type":"binary-expr","locations":[{"start":{"line":54,"column":15},"end":{"line":54,"column":31}},{"start":{"line":54,"column":35},"end":{"line":54,"column":50}}],"line":54},"6":{"loc":{"start":{"line":56,"column":10},"end":{"line":58,"column":5}},"type":"if","locations":[{"start":{"line":56,"column":10},"end":{"line":58,"column":5}},{"start":{},"end":{}}],"line":56},"7":{"loc":{"start":{"line":66,"column":4},"end":{"line":69,"column":5}},"type":"if","locations":[{"start":{"line":66,"column":4},"end":{"line":69,"column":5}},{"start":{},"end":{}}],"line":66},"8":{"loc":{"start":{"line":70,"column":4},"end":{"line":74,"column":5}},"type":"if","locations":[{"start":{"line":70,"column":4},"end":{"line":74,"column":5}},{"start":{"line":72,"column":9},"end":{"line":74,"column":5}}],"line":70},"9":{"loc":{"start":{"line":78,"column":4},"end":{"line":82,"column":5}},"type":"if","locations":[{"start":{"line":78,"column":4},"end":{"line":82,"column":5}},{"start":{"line":80,"column":9},"end":{"line":82,"column":5}}],"line":78},"10":{"loc":{"start":{"line":87,"column":4},"end":{"line":89,"column":5}},"type":"if","locations":[{"start":{"line":87,"column":4},"end":{"line":89,"column":5}},{"start":{},"end":{}}],"line":87},"11":{"loc":{"start":{"line":93,"column":4},"end":{"line":97,"column":5}},"type":"if","locations":[{"start":{"line":93,"column":4},"end":{"line":97,"column":5}},{"start":{"line":95,"column":10},"end":{"line":97,"column":5}}],"line":93},"12":{"loc":{"start":{"line":95,"column":10},"end":{"line":97,"column":5}},"type":"if","locations":[{"start":{"line":95,"column":10},"end":{"line":97,"column":5}},{"start":{},"end":{}}],"line":95}},"s":{"0":16,"1":16,"2":16,"3":16,"4":11,"5":11,"6":11,"7":1,"8":1,"9":1,"10":1,"11":3,"12":3,"13":3,"14":3,"15":1,"16":1,"17":1,"18":2,"19":2,"20":2,"21":2,"22":1,"23":1,"24":1,"25":1,"26":2,"27":2,"28":2,"29":2,"30":11,"31":3,"32":1,"33":2,"34":1,"35":1,"36":1,"37":11,"38":7,"39":2,"40":2,"41":5,"42":4,"43":1,"44":2,"45":1,"46":1,"47":3,"48":2,"49":10,"50":2,"51":8,"52":1,"53":1},"f":{"0":16,"1":16,"2":11,"3":3,"4":11,"5":7,"6":2,"7":3,"8":10},"b":{"0":[0],"1":[1,3,1,2,1,2],"2":[1,2],"3":[3,1],"4":[1,1],"5":[2,2],"6":[1,0],"7":[2,5],"8":[4,1],"9":[1,1],"10":[2,1],"11":[2,8],"12":[1,7]},"_coverageSchema":"1a1c01bbd47fc00a2c39e90264f33305004495a9","hash":"8a387de02ac8c815a3c296fe5626b6bbdddeb3e6"}
}
