TN:
SF:src/gilded_rose.js
FN:2,(anonymous_0)
FN:10,(anonymous_1)
FN:14,(anonymous_2)
FN:51,(anonymous_3)
FN:61,(anonymous_4)
FN:65,(anonymous_5)
FN:77,(anonymous_6)
FN:86,(anonymous_7)
FN:92,(anonymous_8)
FNF:9
FNH:9
FNDA:16,(anonymous_0)
FNDA:16,(anonymous_1)
FNDA:11,(anonymous_2)
FNDA:3,(anonymous_3)
FNDA:11,(anonymous_4)
FNDA:7,(anonymous_5)
FNDA:2,(anonymous_6)
FNDA:3,(anonymous_7)
FNDA:10,(anonymous_8)
DA:3,16
DA:4,16
DA:5,16
DA:11,16
DA:15,11
DA:16,11
DA:18,1
DA:19,1
DA:20,1
DA:21,1
DA:23,3
DA:24,3
DA:25,3
DA:26,3
DA:28,1
DA:29,1
DA:30,1
DA:32,2
DA:33,2
DA:34,2
DA:35,2
DA:37,1
DA:38,1
DA:39,1
DA:40,1
DA:42,2
DA:43,2
DA:44,2
DA:45,2
DA:48,11
DA:52,3
DA:53,1
DA:54,2
DA:55,1
DA:56,1
DA:57,1
DA:62,11
DA:66,7
DA:67,2
DA:68,2
DA:70,5
DA:71,4
DA:73,1
DA:78,2
DA:79,1
DA:81,1
DA:87,3
DA:88,2
DA:93,10
DA:94,2
DA:95,8
DA:96,1
DA:101,1
LF:53
LH:53
BRDA:10,0,0,0
BRDA:16,1,0,1
BRDA:16,1,1,3
BRDA:16,1,2,1
BRDA:16,1,3,2
BRDA:16,1,4,1
BRDA:16,1,5,2
BRDA:52,2,0,1
BRDA:52,2,1,2
BRDA:52,3,0,3
BRDA:52,3,1,1
BRDA:54,4,0,1
BRDA:54,4,1,1
BRDA:54,5,0,2
BRDA:54,5,1,2
BRDA:56,6,0,1
BRDA:56,6,1,0
BRDA:66,7,0,2
BRDA:66,7,1,5
BRDA:70,8,0,4
BRDA:70,8,1,1
BRDA:78,9,0,1
BRDA:78,9,1,1
BRDA:87,10,0,2
BRDA:87,10,1,1
BRDA:93,11,0,2
BRDA:93,11,1,8
BRDA:95,12,0,1
BRDA:95,12,1,7
BRF:29
BRH:27
end_of_record
